c:\users\dell\desktop\yjf\greenscreen\hlsl22--优化版2- kinect\hlsl1\x64\release\wictextureloader.obj
c:\users\dell\desktop\yjf\greenscreen\hlsl22--优化版2- kinect\hlsl1\x64\release\main.obj
c:\users\dell\desktop\yjf\greenscreen\hlsl22--优化版2- kinect\hlsl1\x64\release\screengrab.obj
c:\users\dell\desktop\yjf\greenscreen\hlsl22--优化版2- kinect\hlsl1\x64\release\qtguiclass.obj
c:\users\dell\desktop\yjf\greenscreen\hlsl22--优化版2- kinect\hlsl1\x64\release\mykinect.obj
c:\users\dell\desktop\yjf\greenscreen\hlsl22--优化版2- kinect\hlsl1\x64\release\hlsl1.obj
c:\users\dell\desktop\yjf\greenscreen\hlsl22--优化版2- kinect\hlsl1\hlsl\pixelshader_binarization.cso
c:\users\dell\desktop\yjf\greenscreen\hlsl22--优化版2- kinect\hlsl1\hlsl\pixelshader_brightandcontrast.cso
c:\users\dell\desktop\yjf\greenscreen\hlsl22--优化版2- kinect\hlsl1\hlsl\pixelshader_corematte.cso
c:\users\dell\desktop\yjf\greenscreen\hlsl22--优化版2- kinect\hlsl1\hlsl\pixelshader_gamma.cso
c:\users\dell\desktop\yjf\greenscreen\hlsl22--优化版2- kinect\hlsl1\hlsl\pixelshader_matte.cso
c:\users\dell\desktop\yjf\greenscreen\hlsl22--优化版2- kinect\hlsl1\hlsl\pixelshader_clip.cso
c:\users\dell\desktop\yjf\greenscreen\hlsl22--优化版2- kinect\hlsl1\hlsl\pixelshader_composite.cso
c:\users\dell\desktop\yjf\greenscreen\hlsl22--优化版2- kinect\hlsl1\hlsl\pixelshader_dilateerode.cso
c:\users\dell\desktop\yjf\greenscreen\hlsl22--优化版2- kinect\hlsl1\hlsl\pixelshader_featherx.cso
c:\users\dell\desktop\yjf\greenscreen\hlsl22--优化版2- kinect\hlsl1\hlsl\pixelshader_feathery.cso
c:\users\dell\desktop\yjf\greenscreen\hlsl22--优化版2- kinect\hlsl1\hlsl\pixelshader_fore.cso
c:\users\dell\desktop\yjf\greenscreen\hlsl22--优化版2- kinect\hlsl1\hlsl\pixelshader_garbagematte.cso
c:\users\dell\desktop\yjf\greenscreen\hlsl22--优化版2- kinect\hlsl1\hlsl\pixelshader_output.cso
c:\users\dell\desktop\yjf\greenscreen\hlsl22--优化版2- kinect\hlsl1\hlsl\pixelshader_postblur.cso
c:\users\dell\desktop\yjf\greenscreen\hlsl22--优化版2- kinect\hlsl1\hlsl\pixelshader_preblur.cso
c:\users\dell\desktop\yjf\greenscreen\hlsl22--优化版2- kinect\hlsl1\hlsl\pixelshader_sharp.cso
c:\users\dell\desktop\yjf\greenscreen\hlsl22--优化版2- kinect\hlsl1\hlsl\vertexshader.cso
c:\users\dell\desktop\yjf\greenscreen\hlsl22--优化版2- kinect\hlsl1\x64\release\uic\ui_hlsl1.h
c:\users\dell\desktop\yjf\greenscreen\hlsl22--优化版2- kinect\hlsl1\x64\release\uic\ui_qtguiclass.h
c:\users\dell\desktop\yjf\greenscreen\hlsl22--优化版2- kinect\hlsl1\x64\release\rcc\qrc_hlsl1.cpp
c:\users\dell\desktop\yjf\greenscreen\hlsl22--优化版2- kinect\hlsl1\x64\release\moc\moc_hlsl1.cpp
c:\users\dell\desktop\yjf\greenscreen\hlsl22--优化版2- kinect\hlsl1\x64\release\moc\moc_qtguiclass.cpp
c:\users\dell\desktop\yjf\greenscreen\hlsl22--优化版2- kinect\hlsl1\x64\release\hlsl1.tlog\cl.10296.write.1.tlog
c:\users\dell\desktop\yjf\greenscreen\hlsl22--优化版2- kinect\hlsl1\x64\release\hlsl1.tlog\cl.command.1.tlog
c:\users\dell\desktop\yjf\greenscreen\hlsl22--优化版2- kinect\hlsl1\x64\release\hlsl1.tlog\cl.read.1.tlog
c:\users\dell\desktop\yjf\greenscreen\hlsl22--优化版2- kinect\hlsl1\x64\release\hlsl1.tlog\fxc.command.1.tlog
c:\users\dell\desktop\yjf\greenscreen\hlsl22--优化版2- kinect\hlsl1\x64\release\hlsl1.tlog\fxc.read.1.tlog
c:\users\dell\desktop\yjf\greenscreen\hlsl22--优化版2- kinect\hlsl1\x64\release\hlsl1.tlog\fxc.write.1.tlog
c:\users\dell\desktop\yjf\greenscreen\hlsl22--优化版2- kinect\hlsl1\x64\release\hlsl1.tlog\hlsl1.write.1u.tlog
c:\users\dell\desktop\yjf\greenscreen\hlsl22--优化版2- kinect\hlsl1\x64\release\hlsl1.tlog\moc.read.1u.tlog
c:\users\dell\desktop\yjf\greenscreen\hlsl22--优化版2- kinect\hlsl1\x64\release\hlsl1.tlog\moc.write.1u.tlog
c:\users\dell\desktop\yjf\greenscreen\hlsl22--优化版2- kinect\hlsl1\x64\release\hlsl1.tlog\rcc.read.1u.tlog
c:\users\dell\desktop\yjf\greenscreen\hlsl22--优化版2- kinect\hlsl1\x64\release\hlsl1.tlog\rcc.write.1u.tlog
c:\users\dell\desktop\yjf\greenscreen\hlsl22--优化版2- kinect\hlsl1\x64\release\hlsl1.tlog\uic.read.1u.tlog
c:\users\dell\desktop\yjf\greenscreen\hlsl22--优化版2- kinect\hlsl1\x64\release\hlsl1.tlog\uic.write.1u.tlog
