c:\users\administrator\desktop\greenscreen\hlsl22--优化版2- kinect\hlsl1\x64\debug\vc141.pdb
c:\users\administrator\desktop\greenscreen\hlsl22--优化版2- kinect\hlsl1\x64\debug\wictextureloader.obj
c:\users\administrator\desktop\greenscreen\hlsl22--优化版2- kinect\hlsl1\x64\debug\socketudp.obj
c:\users\administrator\desktop\greenscreen\hlsl22--优化版2- kinect\hlsl1\x64\debug\sockettcp.obj
c:\users\administrator\desktop\greenscreen\hlsl22--优化版2- kinect\hlsl1\x64\debug\socket.obj
c:\users\administrator\desktop\greenscreen\hlsl22--优化版2- kinect\hlsl1\x64\debug\screengrab.obj
c:\users\administrator\desktop\greenscreen\hlsl22--优化版2- kinect\hlsl1\x64\debug\qtguiclass.obj
c:\users\administrator\desktop\greenscreen\hlsl22--优化版2- kinect\hlsl1\x64\debug\mykinect.obj
c:\users\administrator\desktop\greenscreen\hlsl22--优化版2- kinect\hlsl1\x64\debug\main.obj
c:\users\administrator\desktop\greenscreen\hlsl22--优化版2- kinect\hlsl1\x64\debug\hlsl1.obj
c:\users\administrator\desktop\greenscreen\hlsl22--优化版2- kinect\hlsl1\x64\debug\moc_qtguiclass.obj
c:\users\administrator\desktop\greenscreen\hlsl22--优化版2- kinect\hlsl1\x64\debug\moc_hlsl1.obj
c:\users\administrator\desktop\greenscreen\hlsl22--优化版2- kinect\hlsl1\x64\debug\qrc_hlsl1.obj
c:\users\administrator\desktop\greenscreen\hlsl22--优化版2- kinect\hlsl1\hlsl\pixelshader_binarization.cso
c:\users\administrator\desktop\greenscreen\hlsl22--优化版2- kinect\hlsl1\hlsl\pixelshader_brightandcontrast.cso
c:\users\administrator\desktop\greenscreen\hlsl22--优化版2- kinect\hlsl1\hlsl\pixelshader_corematte.cso
c:\users\administrator\desktop\greenscreen\hlsl22--优化版2- kinect\hlsl1\hlsl\pixelshader_gamma.cso
c:\users\administrator\desktop\greenscreen\hlsl22--优化版2- kinect\hlsl1\hlsl\pixelshader_matte.cso
c:\users\administrator\desktop\greenscreen\hlsl22--优化版2- kinect\hlsl1\hlsl\pixelshader_clip.cso
c:\users\administrator\desktop\greenscreen\hlsl22--优化版2- kinect\hlsl1\hlsl\pixelshader_composite.cso
c:\users\administrator\desktop\greenscreen\hlsl22--优化版2- kinect\hlsl1\hlsl\pixelshader_dilateerode.cso
c:\users\administrator\desktop\greenscreen\hlsl22--优化版2- kinect\hlsl1\hlsl\pixelshader_featherx.cso
c:\users\administrator\desktop\greenscreen\hlsl22--优化版2- kinect\hlsl1\hlsl\pixelshader_feathery.cso
c:\users\administrator\desktop\greenscreen\hlsl22--优化版2- kinect\hlsl1\hlsl\pixelshader_fore.cso
c:\users\administrator\desktop\greenscreen\hlsl22--优化版2- kinect\hlsl1\hlsl\pixelshader_garbagematte.cso
c:\users\administrator\desktop\greenscreen\hlsl22--优化版2- kinect\hlsl1\hlsl\pixelshader_output.cso
c:\users\administrator\desktop\greenscreen\hlsl22--优化版2- kinect\hlsl1\hlsl\pixelshader_postblur.cso
c:\users\administrator\desktop\greenscreen\hlsl22--优化版2- kinect\hlsl1\hlsl\pixelshader_preblur.cso
c:\users\administrator\desktop\greenscreen\hlsl22--优化版2- kinect\hlsl1\hlsl\pixelshader_sharp.cso
c:\users\administrator\desktop\greenscreen\hlsl22--优化版2- kinect\hlsl1\hlsl\vertexshader.cso
c:\users\administrator\desktop\greenscreen\hlsl22--优化版2- kinect\hlsl1\x64\debug\uic\ui_hlsl1.h
c:\users\administrator\desktop\greenscreen\hlsl22--优化版2- kinect\hlsl1\x64\debug\uic\ui_qtguiclass.h
c:\users\administrator\desktop\greenscreen\hlsl22--优化版2- kinect\hlsl1\x64\debug\rcc\qrc_hlsl1.cpp
c:\users\administrator\desktop\greenscreen\hlsl22--优化版2- kinect\hlsl1\x64\debug\moc\moc_hlsl1.cpp
c:\users\administrator\desktop\greenscreen\hlsl22--优化版2- kinect\hlsl1\x64\debug\moc\moc_qtguiclass.cpp
c:\users\administrator\desktop\greenscreen\hlsl22--优化版2- kinect\hlsl1\x64\debug\vcpkg.applocal.log
c:\users\administrator\desktop\greenscreen\hlsl22--优化版2- kinect\x64\debug\hlsl1.exe
c:\users\administrator\desktop\greenscreen\hlsl22--优化版2- kinect\x64\debug\hlsl1.ilk
c:\users\administrator\desktop\greenscreen\hlsl22--优化版2- kinect\x64\debug\hlsl1.pdb
c:\users\administrator\desktop\greenscreen\hlsl22--优化版2- kinect\hlsl1\x64\debug\hlsl1.res
c:\users\dell\desktop\yjf\greenscreen\hlsl22--优化版2- kinect\hlsl1\x64\debug\hlsl1.obj
c:\users\dell\desktop\yjf\greenscreen\hlsl22--优化版2- kinect\hlsl1\x64\debug\main.obj
c:\users\dell\desktop\yjf\greenscreen\hlsl22--优化版2- kinect\hlsl1\x64\debug\moc_hlsl1.obj
c:\users\dell\desktop\yjf\greenscreen\hlsl22--优化版2- kinect\hlsl1\x64\debug\moc_qtguiclass.obj
c:\users\dell\desktop\yjf\greenscreen\hlsl22--优化版2- kinect\hlsl1\x64\debug\mykinect.obj
c:\users\dell\desktop\yjf\greenscreen\hlsl22--优化版2- kinect\hlsl1\x64\debug\qrc_hlsl1.obj
c:\users\dell\desktop\yjf\greenscreen\hlsl22--优化版2- kinect\hlsl1\x64\debug\qtguiclass.obj
c:\users\dell\desktop\yjf\greenscreen\hlsl22--优化版2- kinect\hlsl1\x64\debug\screengrab.obj
c:\users\dell\desktop\yjf\greenscreen\hlsl22--优化版2- kinect\hlsl1\x64\debug\socket.obj
c:\users\dell\desktop\yjf\greenscreen\hlsl22--优化版2- kinect\hlsl1\x64\debug\sockettcp.obj
c:\users\dell\desktop\yjf\greenscreen\hlsl22--优化版2- kinect\hlsl1\x64\debug\socketudp.obj
c:\users\dell\desktop\yjf\greenscreen\hlsl22--优化版2- kinect\hlsl1\x64\debug\wictextureloader.obj
c:\users\dell\desktop\yjf\greenscreen\hlsl22--优化版2- kinect\hlsl1\x64\debug\hlsl1.res
c:\users\dell\desktop\yjf\greenscreen\hlsl22--优化版2- kinect\hlsl1\x64\debug\vc141.pdb
c:\users\dell\desktop\yjf\greenscreen\hlsl22--优化版2- kinect\x64\debug\hlsl1.pdb
c:\users\dell\desktop\yjf\greenscreen\hlsl22--优化版2- kinect\x64\debug\hlsl1.exe
c:\users\dell\desktop\yjf\greenscreen\hlsl22--优化版2- kinect\x64\debug\hlsl1.ilk
c:\users\dell\desktop\yjf\greenscreen\hlsl22--优化版2- kinect\hlsl1\x64\debug\hlsl1.tlog\cl.command.1.tlog
c:\users\dell\desktop\yjf\greenscreen\hlsl22--优化版2- kinect\hlsl1\x64\debug\hlsl1.tlog\cl.read.1.tlog
c:\users\dell\desktop\yjf\greenscreen\hlsl22--优化版2- kinect\hlsl1\x64\debug\hlsl1.tlog\cl.write.1.tlog
c:\users\dell\desktop\yjf\greenscreen\hlsl22--优化版2- kinect\hlsl1\x64\debug\hlsl1.tlog\fxc.command.1.tlog
c:\users\dell\desktop\yjf\greenscreen\hlsl22--优化版2- kinect\hlsl1\x64\debug\hlsl1.tlog\fxc.read.1.tlog
c:\users\dell\desktop\yjf\greenscreen\hlsl22--优化版2- kinect\hlsl1\x64\debug\hlsl1.tlog\fxc.write.1.tlog
c:\users\dell\desktop\yjf\greenscreen\hlsl22--优化版2- kinect\hlsl1\x64\debug\hlsl1.tlog\hlsl1.write.1u.tlog
c:\users\dell\desktop\yjf\greenscreen\hlsl22--优化版2- kinect\hlsl1\x64\debug\hlsl1.tlog\link.command.1.tlog
c:\users\dell\desktop\yjf\greenscreen\hlsl22--优化版2- kinect\hlsl1\x64\debug\hlsl1.tlog\link.read.1.tlog
c:\users\dell\desktop\yjf\greenscreen\hlsl22--优化版2- kinect\hlsl1\x64\debug\hlsl1.tlog\link.write.1.tlog
c:\users\dell\desktop\yjf\greenscreen\hlsl22--优化版2- kinect\hlsl1\x64\debug\hlsl1.tlog\moc.read.1u.tlog
c:\users\dell\desktop\yjf\greenscreen\hlsl22--优化版2- kinect\hlsl1\x64\debug\hlsl1.tlog\moc.write.1u.tlog
c:\users\dell\desktop\yjf\greenscreen\hlsl22--优化版2- kinect\hlsl1\x64\debug\hlsl1.tlog\rc.command.1.tlog
c:\users\dell\desktop\yjf\greenscreen\hlsl22--优化版2- kinect\hlsl1\x64\debug\hlsl1.tlog\rc.read.1.tlog
c:\users\dell\desktop\yjf\greenscreen\hlsl22--优化版2- kinect\hlsl1\x64\debug\hlsl1.tlog\rc.write.1.tlog
c:\users\dell\desktop\yjf\greenscreen\hlsl22--优化版2- kinect\hlsl1\x64\debug\hlsl1.tlog\rcc.read.1u.tlog
c:\users\dell\desktop\yjf\greenscreen\hlsl22--优化版2- kinect\hlsl1\x64\debug\hlsl1.tlog\rcc.write.1u.tlog
c:\users\dell\desktop\yjf\greenscreen\hlsl22--优化版2- kinect\hlsl1\x64\debug\hlsl1.tlog\uic.read.1u.tlog
c:\users\dell\desktop\yjf\greenscreen\hlsl22--优化版2- kinect\hlsl1\x64\debug\hlsl1.tlog\uic.write.1u.tlog
